<?xml version="1.0" encoding="UTF-8"?>
<!-- Generated by org.testng.reporters.JUnitReportReporter -->
<testsuite hostname="DESKTOP-4EMCSFE" failures="0" tests="1" name="SeleniumTestng" time="10.235" errors="0" timestamp="18 Dec 2023 04:31:57 GMT" skipped="0">
  <testcase classname="SeleniumTestng" name="demoTest" time="10.235"/>
</testsuite> <!-- SeleniumTestng -->
